<?xml version="1.0" encoding="UTF-8"?>
<!-- Generated by org.testng.reporters.JUnitReportReporter -->
<testsuite skipped="0" hostname="Riaz" name="Capstone.AutomationPractice4.TextOfVerification" tests="2" failures="0" timestamp="2023-10-19T04:22:15 EDT" time="24.837" errors="0">
  <testcase name="signin" time="10.163" classname="Capstone.AutomationPractice4.TextOfVerification"/>
  <system-out/>
  <testcase name="f" time="14.674" classname="Capstone.AutomationPractice4.TextOfVerification"/>
  <system-out/>
</testsuite> <!-- Capstone.AutomationPractice4.TextOfVerification -->
