<?xml version="1.0" encoding="UTF-8"?>
<!-- Generated by org.testng.reporters.JUnitReportReporter -->
<testsuite skipped="0" hostname="Riaz" name="Capstone.AutomationPractice4.TestNGOfAnnotations" tests="1" failures="0" timestamp="2023-10-11T02:17:14 EDT" time="0.003" errors="0">
  <testcase name="f" time="0.003" classname="Capstone.AutomationPractice4.TestNGOfAnnotations"/>
  <system-out/>
</testsuite> <!-- Capstone.AutomationPractice4.TestNGOfAnnotations -->
