<?xml version="1.0" encoding="UTF-8"?>
<!-- Generated by org.testng.reporters.JUnitReportReporter -->
<testsuite skipped="0" hostname="Riaz" name="Capstone.AutomationPractice4.Property" tests="2" failures="0" timestamp="2023-10-20T03:32:50 EDT" time="22.371" errors="0">
  <testcase name="f" time="10.816" classname="Capstone.AutomationPractice4.Property"/>
  <system-out/>
  <testcase name="f" time="11.555" classname="Capstone.AutomationPractice4.Property"/>
  <system-out/>
</testsuite> <!-- Capstone.AutomationPractice4.Property -->
