<?xml version="1.0" encoding="UTF-8"?>
<!-- Generated by org.testng.reporters.JUnitReportReporter -->
<testsuite skipped="0" hostname="Riaz" name="Capstone.AutomationPractice4.Points4" tests="6" failures="0" timestamp="2023-10-19T04:22:15 EDT" time="63.012" errors="0">
  <testcase name="f" time="10.124" classname="Capstone.AutomationPractice4.Points4"/>
  <system-out/>
  <testcase name="f" time="9.610" classname="Capstone.AutomationPractice4.Points4"/>
  <system-out/>
  <testcase name="f" time="11.434" classname="Capstone.AutomationPractice4.Points4"/>
  <system-out/>
  <testcase name="f" time="9.735" classname="Capstone.AutomationPractice4.Points4"/>
  <system-out/>
  <testcase name="f" time="10.410" classname="Capstone.AutomationPractice4.Points4"/>
  <system-out/>
  <testcase name="f" time="11.699" classname="Capstone.AutomationPractice4.Points4"/>
  <system-out/>
</testsuite> <!-- Capstone.AutomationPractice4.Points4 -->
